Preprocessing   1% ━                                                                                                                    1/79 [ 0:02:06 < -:--:-- | ? file/s ]
Traceback (most recent call last):
  File "/uscms/homes/j/joyzhou/work/hhbbtautau/src/main.py", line 45, in <module>
    out = iterative_run(
  File "/uscms/home/joyzhou/.local/lib/python3.9/site-packages/coffea/processor/executor.py", line 1700, in __call__
    wrapped_out = self.run(fileset, processor_instance, treename)
  File "/uscms/home/joyzhou/.local/lib/python3.9/site-packages/coffea/processor/executor.py", line 1782, in run
    chunks = self.preprocess(fileset, treename)
  File "/uscms/home/joyzhou/.local/lib/python3.9/site-packages/coffea/processor/executor.py", line 1734, in preprocess
    self._preprocess_fileset(fileset)
  File "/uscms/home/joyzhou/.local/lib/python3.9/site-packages/coffea/processor/executor.py", line 1461, in _preprocess_fileset
    out, _ = pre_executor(to_get, closure, out)
  File "/uscms/home/joyzhou/.local/lib/python3.9/site-packages/coffea/processor/executor.py", line 672, in __call__
    accumulate(
  File "/uscms/home/joyzhou/.local/lib/python3.9/site-packages/coffea/processor/accumulator.py", line 100, in accumulate
    accum = iadd(accum, next(gen))
  File "/uscms/home/joyzhou/.local/lib/python3.9/site-packages/coffea/processor/accumulator.py", line 92, in <genexpr>
    gen = (x for x in items if x is not None)
  File "/uscms/home/joyzhou/nobackup/miniconda3/envs/CMS/lib/python3.9/site-packages/rich/progress.py", line 1215, in track
    for value in sequence:
  File "/uscms/home/joyzhou/.local/lib/python3.9/site-packages/coffea/processor/executor.py", line 1367, in automatic_retries
    raise e
  File "/uscms/home/joyzhou/.local/lib/python3.9/site-packages/coffea/processor/executor.py", line 1336, in automatic_retries
    return func(*args, **kwargs)
  File "/uscms/home/joyzhou/.local/lib/python3.9/site-packages/coffea/processor/executor.py", line 1419, in metadata_fetcher
    tree = file[item.treename]
  File "/uscms/home/joyzhou/nobackup/miniconda3/envs/CMS/lib/python3.9/site-packages/uproot/reading.py", line 2107, in __getitem__
    return self.key(where).get()
  File "/uscms/home/joyzhou/nobackup/miniconda3/envs/CMS/lib/python3.9/site-packages/uproot/reading.py", line 2504, in get
    chunk, cursor = self.get_uncompressed_chunk_cursor()
  File "/uscms/home/joyzhou/nobackup/miniconda3/envs/CMS/lib/python3.9/site-packages/uproot/reading.py", line 2556, in get_uncompressed_chunk_cursor
    chunk = self._file.chunk(data_start, data_stop)
  File "/uscms/home/joyzhou/nobackup/miniconda3/envs/CMS/lib/python3.9/site-packages/uproot/reading.py", line 1200, in chunk
    return self._source.chunk(start, stop)
  File "/uscms/home/joyzhou/nobackup/miniconda3/envs/CMS/lib/python3.9/site-packages/uproot/source/xrootd.py", line 311, in chunk
    data = self._resource.get(start, stop)
  File "/uscms/home/joyzhou/nobackup/miniconda3/envs/CMS/lib/python3.9/site-packages/uproot/source/xrootd.py", line 169, in get
    self._xrd_error(status)
  File "/uscms/home/joyzhou/nobackup/miniconda3/envs/CMS/lib/python3.9/site-packages/uproot/source/xrootd.py", line 118, in _xrd_error
    raise OSError(
OSError: XRootD error: [ERROR] Operation expired
in file root://cmsxrootd.fnal.gov//store/mc/Run3Summer22EENanoAODv11/DYJetsToLL_M-50_TuneCP5_13p6TeV-madgraphMLM-pythia8/NANOAODSIM/forPOG_126X_mcRun3_2022_realistic_postEE_v1-v1/70000/14b00780-4497-41b1-abd1-0a9e1f85c049.root
